#
# A fatal error has been detected by the Java Runtime Environment:
#
#  EXCEPTION_ACCESS_VIOLATION (0xc0000005) at pc=0x00007ffdf0a60c83, pid=2332, tid=4196
#
# JRE version: Java(TM) SE Runtime Environment (17.0.7+8) (build 17.0.7+8-LTS-224)
# Java VM: Java HotSpot(TM) 64-Bit Server VM (17.0.7+8-LTS-224, mixed mode, sharing, tiered, compressed oops, compressed class ptrs, g1 gc, windows-amd64)
# Problematic frame:
# V  [jvm.dll+0x560c83]
#
# No core dump will be written. Minidumps are not enabled by default on client versions of Windows
#
# If you would like to submit a bug report, please visit:
#   https://bugreport.java.com/bugreport/crash.jsp
#

---------------  S U M M A R Y ------------

Command Line: -Dorg.gradle.internal.worker.tmpdir=C:\Users\SonMinGyu\KagongSillok\kagong-sillok-server\build\tmp\test\work -Dorg.gradle.native=false -agentlib:jdwp=transport=dt_socket,server=n,suspend=y,address=127.0.0.1:53965 -Xmx512m -Dfile.encoding=x-windows-949 -Duser.country=KR -Duser.language=ko -Duser.variant -ea worker.org.gradle.process.internal.worker.GradleWorkerMain 'Gradle Test Executor 1'

Host: Intel(R) Core(TM) i5-8250U CPU @ 1.60GHz, 8 cores, 15G,  Windows 10 , 64 bit Build 19041 (10.0.19041.2913)
Time: Thu Jun  8 01:03:16 2023  Windows 10 , 64 bit Build 19041 (10.0.19041.2913) elapsed time: 15.394858 seconds (0d 0h 0m 15s)

---------------  T H R E A D  ---------------

Current thread (0x0000015add8b24f0):  JavaThread "C2 CompilerThread1" daemon [_thread_in_native, id=4196, stack(0x00000006ead00000,0x00000006eae00000)]


Current CompileTask:
C2:  15394 6183       4       com.sun.beans.TypeResolver::resolve (37 bytes)

Stack: [0x00000006ead00000,0x00000006eae00000],  sp=0x00000006eadfbb40,  free space=1006k
Native frames: (J=compiled Java code, j=interpreted, Vv=VM code, C=native code)
V  [jvm.dll+0x560c83]
V  [jvm.dll+0x1bb570]
V  [jvm.dll+0x217c27]
V  [jvm.dll+0x216f01]
V  [jvm.dll+0x1a35e0]
V  [jvm.dll+0x226a6e]
V  [jvm.dll+0x224e15]
V  [jvm.dll+0x78d05c]
V  [jvm.dll+0x78759a]
V  [jvm.dll+0x675875]
C  [ucrtbase.dll+0x21bb2]
C  [KERNEL32.DLL+0x17614]
C  [ntdll.dll+0x526a1]


siginfo: EXCEPTION_ACCESS_VIOLATION (0xc0000005), reading address 0x000001626c870c30


Register to memory mapping:

RIP=0x00007ffdf0a60c83 jvm.dll
RAX=0x00000006eadfbff0 is pointing into the stack for thread: 0x0000015add8b24f0
RBX=0x0000015ae6297e10 points into unknown readable memory: 0x00007ffdf0dbfb20 | 20 fb db f0 fd 7f 00 00
RCX=0x0000015ae483d270 points into unknown readable memory: 0x0000015ae1260610 | 10 06 26 e1 5a 01 00 00
RDX=0x00000000f1006738 is an unallocated location in the heap
RSP=0x00000006eadfbb40 is pointing into the stack for thread: 0x0000015add8b24f0
RBP=0x0000000000000001 is an unknown value
RSI=0x0000000000000008 is an unknown value
RDI=0x00000006eadfbd50 is pointing into the stack for thread: 0x0000015add8b24f0
R8 =0x0800000000000000 is an unknown value
R9 =0x0000000000000002 is an unknown value
R10=0x00007ffdf1006738 jvm.dll
R11=0x00000006eadfbb38 is pointing into the stack for thread: 0x0000015add8b24f0
R12=0x0000000000000004 is an unknown value
R13=0x0000015ae266ebc0 points into unknown readable memory: 0x0000003800000016 | 16 00 00 00 38 00 00 00
R14=0x0000015ae7a95b48 points into unknown readable memory: 0x00007ffdf0dd3f60 | 60 3f dd f0 fd 7f 00 00
R15=0x0000015ae9b002c0 points into unknown readable memory: 0x0000004200000038 | 38 00 00 00 42 00 00 00


Registers:
RAX=0x00000006eadfbff0, RBX=0x0000015ae6297e10, RCX=0x0000015ae483d270, RDX=0x00000000f1006738
RSP=0x00000006eadfbb40, RBP=0x0000000000000001, RSI=0x0000000000000008, RDI=0x00000006eadfbd50
R8 =0x0800000000000000, R9 =0x0000000000000002, R10=0x00007ffdf1006738, R11=0x00000006eadfbb38
R12=0x0000000000000004, R13=0x0000015ae266ebc0, R14=0x0000015ae7a95b48, R15=0x0000015ae9b002c0
RIP=0x00007ffdf0a60c83, EFLAGS=0x0000000000010202

Top of Stack: (sp=0x00000006eadfbb40)
0x00000006eadfbb40:   00000000000041a1 0000015ae6297e10
0x00000006eadfbb50:   0000015ae9b002c0 0000015ae6297e10
0x00000006eadfbb60:   0000015add8a60e0 0000015ae266ebc0
0x00000006eadfbb70:   0000000000000008 0000015add89fb40
0x00000006eadfbb80:   0000015ae8191860 000000000032ffd8
0x00000006eadfbb90:   0000015ae8191af0 0000015ae8199848
0x00000006eadfbba0:   0000015a00000020 0000015ae2751310
0x00000006eadfbbb0:   0000000000000020 0000015add89fb40
0x00000006eadfbbc0:   000000000030e4a0 0000015ade1bee30
0x00000006eadfbbd0:   00000006eadfc170 00000000000003d8
0x00000006eadfbbe0:   0000000000000001 0000000000000000
0x00000006eadfbbf0:   0000015ade1bee40 00000006eadfbd10
0x00000006eadfbc00:   00000006eadfc090 00007ffdf06bb570
0x00000006eadfbc10:   000000060000059b 0000000600000005
0x00000006eadfbc20:   0000015ae6297e10 0000015add8a6110
0x00000006eadfbc30:   0000000000000000 00007ffe50d730ce 

Instructions: (pc=0x00007ffdf0a60c83)
0x00007ffdf0a60b83:   4e 8b 34 e0 eb 03 45 33 f6 41 8b 46 2c 83 e0 0f
0x00007ffdf0a60b93:   3c 0c 0f 84 80 01 00 00 48 8b 47 48 49 63 56 28
0x00007ffdf0a60ba3:   48 8b 48 08 8b 34 91 85 f6 74 5c 49 8b 47 08 8b
0x00007ffdf0a60bb3:   ce 48 c1 e9 08 8b de 4c 8b 04 c8 4d 3b c2 75 14
0x00007ffdf0a60bc3:   8b d6 49 8b cf e8 53 58 e0 ff 4c 8b c0 4c 8d 15
0x00007ffdf0a60bd3:   61 5b 5a 00 0f b6 cb ba 01 00 00 00 48 c1 eb 06
0x00007ffdf0a60be3:   80 e1 3f 83 e3 03 48 d3 e2 49 8b 0c d8 48 8b c1
0x00007ffdf0a60bf3:   48 0b c2 49 89 04 d8 48 8b 9c 24 e0 00 00 00 48
0x00007ffdf0a60c03:   85 ca 75 03 41 ff 07 49 8b 45 08 48 8b ce 48 c1
0x00007ffdf0a60c13:   e9 08 4c 8b ce 49 c1 e9 06 41 b8 01 00 00 00 41
0x00007ffdf0a60c23:   83 e1 03 48 8b 14 c8 40 0f b6 ce 80 e1 3f 49 d3
0x00007ffdf0a60c33:   e0 49 8b c0 4a 8b 0c ca 48 f7 d0 48 23 c1 4a 89
0x00007ffdf0a60c43:   04 ca 49 85 c8 74 04 41 ff 4d 00 41 8b 46 18 83
0x00007ffdf0a60c53:   f8 01 0f 86 a9 00 00 00 be 08 00 00 00 8d 68 ff
0x00007ffdf0a60c63:   0f 1f 40 00 66 0f 1f 84 00 00 00 00 00 49 8b 46
0x00007ffdf0a60c73:   08 48 8b 0c 06 48 8b 47 40 8b 51 28 48 8b 48 78
0x00007ffdf0a60c83:   48 39 1c d1 74 6d 48 8b 47 48 48 63 d2 48 8b 48
0x00007ffdf0a60c93:   08 8b 14 91 85 d2 74 5b 49 8b 45 08 8b ca 48 c1
0x00007ffdf0a60ca3:   e9 08 8b da 4c 8b 04 c8 4d 3b c2 75 12 49 8b cd
0x00007ffdf0a60cb3:   e8 68 57 e0 ff 4c 8b c0 4c 8d 15 76 5a 5a 00 0f
0x00007ffdf0a60cc3:   b6 cb ba 01 00 00 00 48 c1 eb 06 80 e1 3f 83 e3
0x00007ffdf0a60cd3:   03 48 d3 e2 49 8b 0c d8 48 8b c1 48 0b c2 49 89
0x00007ffdf0a60ce3:   04 d8 48 8b 9c 24 e0 00 00 00 48 85 ca 75 04 41
0x00007ffdf0a60cf3:   ff 45 00 48 83 c6 08 48 83 ed 01 0f 85 6c ff ff
0x00007ffdf0a60d03:   ff 44 89 a4 24 d8 00 00 00 45 8b f4 41 83 fc 01
0x00007ffdf0a60d13:   0f 87 5c fe ff ff eb 08 44 8b b4 24 d8 00 00 00
0x00007ffdf0a60d23:   45 33 e4 41 8b ee 45 85 f6 0f 84 d4 00 00 00 8d
0x00007ffdf0a60d33:   45 ff 8b e8 3b 43 18 73 0c 8b c8 48 8b 43 20 48
0x00007ffdf0a60d43:   8b 14 c8 eb 03 49 8b d4 48 8b 47 48 48 63 52 28
0x00007ffdf0a60d53:   48 8b 48 08 8b 34 91 85 f6 74 5c 49 8b 47 08 8b
0x00007ffdf0a60d63:   ce 48 c1 e9 08 8b de 4c 8b 04 c8 4d 3b c2 75 14
0x00007ffdf0a60d73:   8b d6 49 8b cf e8 a3 56 e0 ff 4c 8b c0 4c 8d 15 


Stack slot to memory mapping:
stack at sp + 0 slots: 0x00000000000041a1 is an unknown value
stack at sp + 1 slots: 0x0000015ae6297e10 points into unknown readable memory: 0x00007ffdf0dbfb20 | 20 fb db f0 fd 7f 00 00
stack at sp + 2 slots: 0x0000015ae9b002c0 points into unknown readable memory: 0x0000004200000038 | 38 00 00 00 42 00 00 00
stack at sp + 3 slots: 0x0000015ae6297e10 points into unknown readable memory: 0x00007ffdf0dbfb20 | 20 fb db f0 fd 7f 00 00
stack at sp + 4 slots: 0x0000015add8a60e0 points into unknown readable memory: 0x0000015add8b24f0 | f0 24 8b dd 5a 01 00 00
stack at sp + 5 slots: 0x0000015ae266ebc0 points into unknown readable memory: 0x0000003800000016 | 16 00 00 00 38 00 00 00
stack at sp + 6 slots: 0x0000000000000008 is an unknown value
stack at sp + 7 slots: 0x0000015add89fb40 points into unknown readable memory: 0x2f656c6400000006 | 06 00 00 00 64 6c 65 2f


---------------  P R O C E S S  ---------------

Threads class SMR info:
_java_thread_list=0x0000015add5c8f40, length=39, elements={
0x0000015ac1f563f0, 0x0000015adc80d950, 0x0000015adc80e6d0, 0x0000015adc82ec80,
0x0000015adc830750, 0x0000015adc833120, 0x0000015adc8339e0, 0x0000015adc834e90,
0x0000015adc835840, 0x0000015adc83aab0, 0x0000015add6c0bb0, 0x0000015add6de540,
0x0000015add6e3bf0, 0x0000015add6e9bc0, 0x0000015add48f4f0, 0x0000015add8b24f0,
0x0000015add6e5f80, 0x0000015ade4145f0, 0x0000015ade3d1830, 0x0000015adef56570,
0x0000015adef54890, 0x0000015adef53080, 0x0000015adef53ef0, 0x0000015adef54d60,
0x0000015ade3d89a0, 0x0000015adef560a0, 0x0000015ae141e4a0, 0x0000015ae141e970,
0x0000015ae141cc90, 0x0000015ae1420ff0, 0x0000015ae141ee40, 0x0000015ae141d160,
0x0000015ae141c2f0, 0x0000015ae141be20, 0x0000015ae141c7c0, 0x0000015ae141f310,
0x0000015ae141f7e0, 0x0000015ae141d630, 0x0000015ae141db00
}

Java Threads: ( => current thread )
  0x0000015ac1f563f0 JavaThread "Test worker" [_thread_blocked, id=7120, stack(0x00000006e9700000,0x00000006e9800000)]
  0x0000015adc80d950 JavaThread "Reference Handler" daemon [_thread_blocked, id=9684, stack(0x00000006e9e00000,0x00000006e9f00000)]
  0x0000015adc80e6d0 JavaThread "Finalizer" daemon [_thread_blocked, id=12376, stack(0x00000006e9f00000,0x00000006ea000000)]
  0x0000015adc82ec80 JavaThread "Signal Dispatcher" daemon [_thread_blocked, id=8696, stack(0x00000006ea000000,0x00000006ea100000)]
  0x0000015adc830750 JavaThread "Attach Listener" daemon [_thread_blocked, id=8632, stack(0x00000006ea100000,0x00000006ea200000)]
  0x0000015adc833120 JavaThread "Service Thread" daemon [_thread_blocked, id=3292, stack(0x00000006ea200000,0x00000006ea300000)]
  0x0000015adc8339e0 JavaThread "Monitor Deflation Thread" daemon [_thread_blocked, id=6104, stack(0x00000006ea300000,0x00000006ea400000)]
  0x0000015adc834e90 JavaThread "C2 CompilerThread0" daemon [_thread_in_native, id=9488, stack(0x00000006ea400000,0x00000006ea500000)]
  0x0000015adc835840 JavaThread "C1 CompilerThread0" daemon [_thread_blocked, id=13748, stack(0x00000006ea500000,0x00000006ea600000)]
  0x0000015adc83aab0 JavaThread "Sweeper thread" daemon [_thread_blocked, id=4668, stack(0x00000006ea600000,0x00000006ea700000)]
  0x0000015add6c0bb0 JavaThread "JDWP Transport Listener: dt_socket" daemon [_thread_blocked, id=7892, stack(0x00000006ea700000,0x00000006ea800000)]
  0x0000015add6de540 JavaThread "JDWP Event Helper Thread" daemon [_thread_blocked, id=1528, stack(0x00000006ea800000,0x00000006ea900000)]
  0x0000015add6e3bf0 JavaThread "JDWP Command Reader" daemon [_thread_in_native, id=11892, stack(0x00000006ea900000,0x00000006eaa00000)]
  0x0000015add6e9bc0 JavaThread "Notification Thread" daemon [_thread_blocked, id=5312, stack(0x00000006eaa00000,0x00000006eab00000)]
  0x0000015add48f4f0 JavaThread "Common-Cleaner" daemon [_thread_blocked, id=11212, stack(0x00000006eac00000,0x00000006ead00000)]
=>0x0000015add8b24f0 JavaThread "C2 CompilerThread1" daemon [_thread_in_native, id=4196, stack(0x00000006ead00000,0x00000006eae00000)]
  0x0000015add6e5f80 JavaThread "/127.0.0.1:53969 to /127.0.0.1:53967 workers" [_thread_blocked, id=7356, stack(0x00000006eb700000,0x00000006eb800000)]
  0x0000015ade4145f0 JavaThread "/127.0.0.1:53969 to /127.0.0.1:53967 workers Thread 2" [_thread_blocked, id=4804, stack(0x00000006eb800000,0x00000006eb900000)]
  0x0000015ade3d1830 JavaThread "/127.0.0.1:53969 to /127.0.0.1:53967 workers Thread 3" [_thread_in_native, id=11988, stack(0x00000006eb900000,0x00000006eba00000)]
  0x0000015adef56570 JavaThread "mysql-cj-abandoned-connection-cleanup" daemon [_thread_blocked, id=4788, stack(0x00000006ebb00000,0x00000006ebc00000)]
  0x0000015adef54890 JavaThread "HikariPool-1 housekeeper" daemon [_thread_blocked, id=3248, stack(0x00000006ebd00000,0x00000006ebe00000)]
  0x0000015adef53080 JavaThread "Catalina-utility-1" [_thread_blocked, id=11428, stack(0x00000006ebf00000,0x00000006ec000000)]
  0x0000015adef53ef0 JavaThread "Catalina-utility-2" [_thread_blocked, id=2640, stack(0x00000006ec000000,0x00000006ec100000)]
  0x0000015adef54d60 JavaThread "container-0" [_thread_blocked, id=2092, stack(0x00000006ec100000,0x00000006ec200000)]
  0x0000015ade3d89a0 JavaThread "C2 CompilerThread2" daemon [_thread_in_native, id=11652, stack(0x00000006eba00000,0x00000006ebb00000)]
  0x0000015adef560a0 JavaThread "ClassGraph-worker-0" daemon [_thread_blocked, id=1876, stack(0x00000006ebe00000,0x00000006ebf00000)]
  0x0000015ae141e4a0 JavaThread "ClassGraph-worker-1" daemon [_thread_blocked, id=11524, stack(0x00000006ec200000,0x00000006ec300000)]
  0x0000015ae141e970 JavaThread "ClassGraph-worker-2" daemon [_thread_blocked, id=13476, stack(0x00000006ec300000,0x00000006ec400000)]
  0x0000015ae141cc90 JavaThread "ClassGraph-worker-3" daemon [_thread_in_Java, id=9140, stack(0x00000006ec400000,0x00000006ec500000)]
  0x0000015ae1420ff0 JavaThread "ClassGraph-worker-4" daemon [_thread_blocked, id=4792, stack(0x00000006ec500000,0x00000006ec600000)]
  0x0000015ae141ee40 JavaThread "ClassGraph-worker-5" daemon [_thread_blocked, id=6184, stack(0x00000006ec600000,0x00000006ec700000)]
  0x0000015ae141d160 JavaThread "ClassGraph-worker-6" daemon [_thread_in_Java, id=5168, stack(0x00000006ec700000,0x00000006ec800000)]
  0x0000015ae141c2f0 JavaThread "ClassGraph-worker-7" daemon [_thread_blocked, id=3656, stack(0x00000006ec800000,0x00000006ec900000)]
  0x0000015ae141be20 JavaThread "ClassGraph-worker-8" daemon [_thread_in_Java, id=12600, stack(0x00000006ec900000,0x00000006eca00000)]
  0x0000015ae141c7c0 JavaThread "ClassGraph-worker-9" daemon [_thread_blocked, id=14036, stack(0x00000006eca00000,0x00000006ecb00000)]
  0x0000015ae141f310 JavaThread "ClassGraph-worker-10" daemon [_thread_blocked, id=9264, stack(0x00000006ecb00000,0x00000006ecc00000)]
  0x0000015ae141f7e0 JavaThread "ClassGraph-worker-11" daemon [_thread_in_Java, id=9460, stack(0x00000006ecc00000,0x00000006ecd00000)]
  0x0000015ae141d630 JavaThread "ClassGraph-worker-12" daemon [_thread_in_Java, id=14332, stack(0x00000006ecd00000,0x00000006ece00000)]
  0x0000015ae141db00 JavaThread "ClassGraph-worker-13" daemon [_thread_blocked, id=9176, stack(0x00000006ece00000,0x00000006ecf00000)]

Other Threads:
  0x0000015adc808a30 VMThread "VM Thread" [stack: 0x00000006e9d00000,0x00000006e9e00000] [id=8344]
  0x0000015ac1f93ce0 WatcherThread [stack: 0x00000006eab00000,0x00000006eac00000] [id=11640]
  0x0000015ac1f852d0 GCTaskThread "GC Thread#0" [stack: 0x00000006e9800000,0x00000006e9900000] [id=13448]
  0x0000015ade2ca000 GCTaskThread "GC Thread#1" [stack: 0x00000006eaf00000,0x00000006eb000000] [id=2708]
  0x0000015adde890d0 GCTaskThread "GC Thread#2" [stack: 0x00000006eb000000,0x00000006eb100000] [id=3436]
  0x0000015add9343b0 GCTaskThread "GC Thread#3" [stack: 0x00000006eb100000,0x00000006eb200000] [id=13000]
  0x0000015add934660 GCTaskThread "GC Thread#4" [stack: 0x00000006eb200000,0x00000006eb300000] [id=10284]
  0x0000015addc70560 GCTaskThread "GC Thread#5" [stack: 0x00000006eb300000,0x00000006eb400000] [id=8480]
  0x0000015ade22cd30 GCTaskThread "GC Thread#6" [stack: 0x00000006eb400000,0x00000006eb500000] [id=10464]
  0x0000015ade22cfe0 GCTaskThread "GC Thread#7" [stack: 0x00000006eb500000,0x00000006eb600000] [id=7196]
  0x0000015ac1f8b940 ConcurrentGCThread "G1 Main Marker" [stack: 0x00000006e9900000,0x00000006e9a00000] [id=12408]
  0x0000015ac1f8ca00 ConcurrentGCThread "G1 Conc#0" [stack: 0x00000006e9a00000,0x00000006e9b00000] [id=13412]
  0x0000015adf6c0a50 ConcurrentGCThread "G1 Conc#1" [stack: 0x00000006ebc00000,0x00000006ebd00000] [id=3456]
  0x0000015ac201eab0 ConcurrentGCThread "G1 Refine#0" [stack: 0x00000006e9b00000,0x00000006e9c00000] [id=2704]
  0x0000015ade309800 ConcurrentGCThread "G1 Refine#1" [stack: 0x00000006eb600000,0x00000006eb700000] [id=7668]
  0x0000015adc6cc660 ConcurrentGCThread "G1 Service" [stack: 0x00000006e9c00000,0x00000006e9d00000] [id=8096]

Threads with active compile tasks:
C2 CompilerThread0    15571 6402 % !   4       io.github.classgraph.ClasspathElementZip::open @ 583 (1079 bytes)
C2 CompilerThread1    15571 6183       4       com.sun.beans.TypeResolver::resolve (37 bytes)
C2 CompilerThread2    15571 6188       4       org.springframework.beans.factory.support.AbstractBeanFactory::isTypeMatch (607 bytes)

VM state: not at safepoint (normal execution)

VM Mutex/Monitor currently owned by a thread: None

Heap address: 0x00000000e0000000, size: 512 MB, Compressed Oops mode: 32-bit

CDS archive(s) mapped at: [0x0000000800000000-0x0000000800bd0000-0x0000000800bd0000), size 12386304, SharedBaseAddress: 0x0000000800000000, ArchiveRelocationMode: 0.
Compressed class space mapped at: 0x0000000800c00000-0x0000000840c00000, reserved size: 1073741824
Narrow klass base: 0x0000000800000000, Narrow klass shift: 0, Narrow klass range: 0x100000000

GC Precious Log:
 CPUs: 8 total, 8 available
 Memory: 16217M
 Large Page Support: Disabled
 NUMA Support: Disabled
 Compressed Oops: Enabled (32-bit)
 Heap Region Size: 1M
 Heap Min Capacity: 8M
 Heap Initial Capacity: 254M
 Heap Max Capacity: 512M
 Pre-touch: Disabled
 Parallel Workers: 8
 Concurrent Workers: 2
 Concurrent Refinement Workers: 8
 Periodic GC: Disabled

Heap:
 garbage-first heap   total 179200K, used 75561K [0x00000000e0000000, 0x0000000100000000)
  region size 1024K, 16 young (16384K), 1 survivors (1024K)
 Metaspace       used 69128K, committed 69504K, reserved 1114112K
  class space    used 9248K, committed 9408K, reserved 1048576K

Heap Regions: E=young(eden), S=young(survivor), O=old, HS=humongous(starts), HC=humongous(continues), CS=collection set, F=free, OA=open archive, CA=closed archive, TAMS=top-at-mark-start (previous, next)
|   0|0x00000000e0000000, 0x00000000e0100000, 0x00000000e0100000|100%|HS|  |TAMS 0x00000000e0100000, 0x00000000e0000000| Complete 
|   1|0x00000000e0100000, 0x00000000e0200000, 0x00000000e0200000|100%| O|  |TAMS 0x00000000e0200000, 0x00000000e0100000| Untracked 
|   2|0x00000000e0200000, 0x00000000e0300000, 0x00000000e0300000|100%| O|  |TAMS 0x00000000e0300000, 0x00000000e0200000| Untracked 
|   3|0x00000000e0300000, 0x00000000e0400000, 0x00000000e0400000|100%| O|  |TAMS 0x00000000e0400000, 0x00000000e0300000| Untracked 
|   4|0x00000000e0400000, 0x00000000e0500000, 0x00000000e0500000|100%| O|  |TAMS 0x00000000e0500000, 0x00000000e0400000| Untracked 
|   5|0x00000000e0500000, 0x00000000e0600000, 0x00000000e0600000|100%| O|  |TAMS 0x00000000e0600000, 0x00000000e0500000| Untracked 
|   6|0x00000000e0600000, 0x00000000e0700000, 0x00000000e0700000|100%| O|  |TAMS 0x00000000e0700000, 0x00000000e0600000| Untracked 
|   7|0x00000000e0700000, 0x00000000e0800000, 0x00000000e0800000|100%| O|  |TAMS 0x00000000e0800000, 0x00000000e0700000| Untracked 
|   8|0x00000000e0800000, 0x00000000e0900000, 0x00000000e0900000|100%| O|  |TAMS 0x00000000e0900000, 0x00000000e0800000| Untracked 
|   9|0x00000000e0900000, 0x00000000e0a00000, 0x00000000e0a00000|100%| O|  |TAMS 0x00000000e0a00000, 0x00000000e0900000| Untracked 
|  10|0x00000000e0a00000, 0x00000000e0b00000, 0x00000000e0b00000|100%| O|  |TAMS 0x00000000e0b00000, 0x00000000e0a00000| Untracked 
|  11|0x00000000e0b00000, 0x00000000e0c00000, 0x00000000e0c00000|100%| O|  |TAMS 0x00000000e0c00000, 0x00000000e0b00000| Untracked 
|  12|0x00000000e0c00000, 0x00000000e0d00000, 0x00000000e0d00000|100%| O|  |TAMS 0x00000000e0d00000, 0x00000000e0c00000| Untracked 
|  13|0x00000000e0d00000, 0x00000000e0d00000, 0x00000000e0e00000|  0%| F|  |TAMS 0x00000000e0d00000, 0x00000000e0d00000| Untracked 
|  14|0x00000000e0e00000, 0x00000000e0f00000, 0x00000000e0f00000|100%| O|  |TAMS 0x00000000e0f00000, 0x00000000e0e00000| Untracked 
|  15|0x00000000e0f00000, 0x00000000e1000000, 0x00000000e1000000|100%| O|  |TAMS 0x00000000e1000000, 0x00000000e0f00000| Untracked 
|  16|0x00000000e1000000, 0x00000000e1100000, 0x00000000e1100000|100%| O|  |TAMS 0x00000000e1100000, 0x00000000e1000000| Untracked 
|  17|0x00000000e1100000, 0x00000000e1200000, 0x00000000e1200000|100%| O|  |TAMS 0x00000000e1200000, 0x00000000e1100000| Untracked 
|  18|0x00000000e1200000, 0x00000000e1300000, 0x00000000e1300000|100%| O|  |TAMS 0x00000000e1300000, 0x00000000e1200000| Untracked 
|  19|0x00000000e1300000, 0x00000000e1400000, 0x00000000e1400000|100%| O|  |TAMS 0x00000000e1400000, 0x00000000e1300000| Untracked 
|  20|0x00000000e1400000, 0x00000000e1500000, 0x00000000e1500000|100%| O|  |TAMS 0x00000000e1500000, 0x00000000e1400000| Untracked 
|  21|0x00000000e1500000, 0x00000000e1600000, 0x00000000e1600000|100%| O|  |TAMS 0x00000000e1600000, 0x00000000e1500000| Untracked 
|  22|0x00000000e1600000, 0x00000000e1700000, 0x00000000e1700000|100%| O|  |TAMS 0x00000000e1700000, 0x00000000e1600000| Untracked 
|  23|0x00000000e1700000, 0x00000000e1800000, 0x00000000e1800000|100%| O|  |TAMS 0x00000000e1800000, 0x00000000e1700000| Untracked 
|  24|0x00000000e1800000, 0x00000000e1900000, 0x00000000e1900000|100%| O|  |TAMS 0x00000000e1900000, 0x00000000e1800000| Untracked 
|  25|0x00000000e1900000, 0x00000000e1a00000, 0x00000000e1a00000|100%| O|  |TAMS 0x00000000e1a00000, 0x00000000e1900000| Untracked 
|  26|0x00000000e1a00000, 0x00000000e1b00000, 0x00000000e1b00000|100%| O|  |TAMS 0x00000000e1b00000, 0x00000000e1a00000| Untracked 
|  27|0x00000000e1b00000, 0x00000000e1c00000, 0x00000000e1c00000|100%| O|  |TAMS 0x00000000e1c00000, 0x00000000e1b00000| Untracked 
|  28|0x00000000e1c00000, 0x00000000e1d00000, 0x00000000e1d00000|100%| O|  |TAMS 0x00000000e1d00000, 0x00000000e1c00000| Untracked 
|  29|0x00000000e1d00000, 0x00000000e1e00000, 0x00000000e1e00000|100%| O|  |TAMS 0x00000000e1e00000, 0x00000000e1d00000| Untracked 
|  30|0x00000000e1e00000, 0x00000000e1f00000, 0x00000000e1f00000|100%| O|  |TAMS 0x00000000e1f00000, 0x00000000e1e00000| Untracked 
|  31|0x00000000e1f00000, 0x00000000e2000000, 0x00000000e2000000|100%| O|  |TAMS 0x00000000e2000000, 0x00000000e1f00000| Untracked 
|  32|0x00000000e2000000, 0x00000000e2100000, 0x00000000e2100000|100%| O|  |TAMS 0x00000000e2100000, 0x00000000e2000000| Untracked 
|  33|0x00000000e2100000, 0x00000000e2200000, 0x00000000e2200000|100%| O|  |TAMS 0x00000000e2200000, 0x00000000e2100000| Untracked 
|  34|0x00000000e2200000, 0x00000000e2300000, 0x00000000e2300000|100%| O|  |TAMS 0x00000000e2300000, 0x00000000e2200000| Untracked 
|  35|0x00000000e2300000, 0x00000000e2400000, 0x00000000e2400000|100%| O|  |TAMS 0x00000000e2400000, 0x00000000e2300000| Untracked 
|  36|0x00000000e2400000, 0x00000000e2500000, 0x00000000e2500000|100%| O|  |TAMS 0x00000000e2500000, 0x00000000e2400000| Untracked 
|  37|0x00000000e2500000, 0x00000000e2600000, 0x00000000e2600000|100%| O|  |TAMS 0x00000000e2600000, 0x00000000e2500000| Untracked 
|  38|0x00000000e2600000, 0x00000000e2700000, 0x00000000e2700000|100%| O|  |TAMS 0x00000000e2700000, 0x00000000e2600000| Untracked 
|  39|0x00000000e2700000, 0x00000000e2800000, 0x00000000e2800000|100%| O|  |TAMS 0x00000000e2800000, 0x00000000e2700000| Untracked 
|  40|0x00000000e2800000, 0x00000000e2900000, 0x00000000e2900000|100%| O|  |TAMS 0x00000000e2900000, 0x00000000e2800000| Untracked 
|  41|0x00000000e2900000, 0x00000000e2a00000, 0x00000000e2a00000|100%| O|  |TAMS 0x00000000e2a00000, 0x00000000e2900000| Untracked 
|  42|0x00000000e2a00000, 0x00000000e2b00000, 0x00000000e2b00000|100%| O|  |TAMS 0x00000000e2b00000, 0x00000000e2a00000| Untracked 
|  43|0x00000000e2b00000, 0x00000000e2c00000, 0x00000000e2c00000|100%| O|  |TAMS 0x00000000e2c00000, 0x00000000e2b00000| Untracked 
|  44|0x00000000e2c00000, 0x00000000e2d00000, 0x00000000e2d00000|100%| O|  |TAMS 0x00000000e2c00000, 0x00000000e2c00000| Untracked 
|  45|0x00000000e2d00000, 0x00000000e2e00000, 0x00000000e2e00000|100%| O|  |TAMS 0x00000000e2e00000, 0x00000000e2d00000| Untracked 
|  46|0x00000000e2e00000, 0x00000000e2f00000, 0x00000000e2f00000|100%| O|  |TAMS 0x00000000e2e56c00, 0x00000000e2e00000| Untracked 
|  47|0x00000000e2f00000, 0x00000000e3000000, 0x00000000e3000000|100%| O|  |TAMS 0x00000000e2f00000, 0x00000000e2f00000| Untracked 
|  48|0x00000000e3000000, 0x00000000e3100000, 0x00000000e3100000|100%| O|  |TAMS 0x00000000e3000000, 0x00000000e3000000| Untracked 
|  49|0x00000000e3100000, 0x00000000e3200000, 0x00000000e3200000|100%| O|  |TAMS 0x00000000e3100000, 0x00000000e3100000| Untracked 
|  50|0x00000000e3200000, 0x00000000e3300000, 0x00000000e3300000|100%| O|  |TAMS 0x00000000e3200000, 0x00000000e3200000| Untracked 
|  51|0x00000000e3300000, 0x00000000e3300000, 0x00000000e3400000|  0%| F|  |TAMS 0x00000000e3300000, 0x00000000e3300000| Untracked 
|  52|0x00000000e3400000, 0x00000000e3500000, 0x00000000e3500000|100%| O|  |TAMS 0x00000000e3400000, 0x00000000e3400000| Untracked 
|  53|0x00000000e3500000, 0x00000000e3600000, 0x00000000e3600000|100%| O|  |TAMS 0x00000000e3500000, 0x00000000e3500000| Untracked 
|  54|0x00000000e3600000, 0x00000000e3700000, 0x00000000e3700000|100%| O|  |TAMS 0x00000000e3600000, 0x00000000e3600000| Untracked 
|  55|0x00000000e3700000, 0x00000000e3800000, 0x00000000e3800000|100%| O|  |TAMS 0x00000000e3700000, 0x00000000e3700000| Untracked 
|  56|0x00000000e3800000, 0x00000000e3900000, 0x00000000e3900000|100%| O|  |TAMS 0x00000000e3800000, 0x00000000e3800000| Untracked 
|  57|0x00000000e3900000, 0x00000000e3a00000, 0x00000000e3a00000|100%| O|  |TAMS 0x00000000e3900000, 0x00000000e3900000| Untracked 
|  58|0x00000000e3a00000, 0x00000000e3b00000, 0x00000000e3b00000|100%| O|  |TAMS 0x00000000e3a00000, 0x00000000e3a00000| Untracked 
|  59|0x00000000e3b00000, 0x00000000e3c00000, 0x00000000e3c00000|100%| O|  |TAMS 0x00000000e3b00000, 0x00000000e3b00000| Untracked 
|  60|0x00000000e3c00000, 0x00000000e3d00000, 0x00000000e3d00000|100%| O|  |TAMS 0x00000000e3c00000, 0x00000000e3c00000| Untracked 
|  61|0x00000000e3d00000, 0x00000000e3d00000, 0x00000000e3e00000|  0%| F|  |TAMS 0x00000000e3d00000, 0x00000000e3d00000| Untracked 
|  62|0x00000000e3e00000, 0x00000000e3e00000, 0x00000000e3f00000|  0%| F|  |TAMS 0x00000000e3e00000, 0x00000000e3e00000| Untracked 
|  63|0x00000000e3f00000, 0x00000000e3f00000, 0x00000000e4000000|  0%| F|  |TAMS 0x00000000e3f00000, 0x00000000e3f00000| Untracked 
|  64|0x00000000e4000000, 0x00000000e4000000, 0x00000000e4100000|  0%| F|  |TAMS 0x00000000e4000000, 0x00000000e4000000| Untracked 
|  65|0x00000000e4100000, 0x00000000e4100000, 0x00000000e4200000|  0%| F|  |TAMS 0x00000000e4100000, 0x00000000e4100000| Untracked 
|  66|0x00000000e4200000, 0x00000000e4200000, 0x00000000e4300000|  0%| F|  |TAMS 0x00000000e4200000, 0x00000000e4200000| Untracked 
|  67|0x00000000e4300000, 0x00000000e4300000, 0x00000000e4400000|  0%| F|  |TAMS 0x00000000e4300000, 0x00000000e4300000| Untracked 
|  68|0x00000000e4400000, 0x00000000e4400000, 0x00000000e4500000|  0%| F|  |TAMS 0x00000000e4400000, 0x00000000e4400000| Untracked 
|  69|0x00000000e4500000, 0x00000000e4500000, 0x00000000e4600000|  0%| F|  |TAMS 0x00000000e4500000, 0x00000000e4500000| Untracked 
|  70|0x00000000e4600000, 0x00000000e4600000, 0x00000000e4700000|  0%| F|  |TAMS 0x00000000e4600000, 0x00000000e4600000| Untracked 
|  71|0x00000000e4700000, 0x00000000e4700000, 0x00000000e4800000|  0%| F|  |TAMS 0x00000000e4700000, 0x00000000e4700000| Untracked 
|  72|0x00000000e4800000, 0x00000000e4800000, 0x00000000e4900000|  0%| F|  |TAMS 0x00000000e4800000, 0x00000000e4800000| Untracked 
|  73|0x00000000e4900000, 0x00000000e4900000, 0x00000000e4a00000|  0%| F|  |TAMS 0x00000000e4900000, 0x00000000e4900000| Untracked 
|  74|0x00000000e4a00000, 0x00000000e4a00000, 0x00000000e4b00000|  0%| F|  |TAMS 0x00000000e4a00000, 0x00000000e4a00000| Untracked 
|  75|0x00000000e4b00000, 0x00000000e4b00000, 0x00000000e4c00000|  0%| F|  |TAMS 0x00000000e4b00000, 0x00000000e4b00000| Untracked 
|  76|0x00000000e4c00000, 0x00000000e4c00000, 0x00000000e4d00000|  0%| F|  |TAMS 0x00000000e4c00000, 0x00000000e4c00000| Untracked 
|  77|0x00000000e4d00000, 0x00000000e4d00000, 0x00000000e4e00000|  0%| F|  |TAMS 0x00000000e4d00000, 0x00000000e4d00000| Untracked 
|  78|0x00000000e4e00000, 0x00000000e4e00000, 0x00000000e4f00000|  0%| F|  |TAMS 0x00000000e4e00000, 0x00000000e4e00000| Untracked 
|  79|0x00000000e4f00000, 0x00000000e4f00000, 0x00000000e5000000|  0%| F|  |TAMS 0x00000000e4f00000, 0x00000000e4f00000| Untracked 
|  80|0x00000000e5000000, 0x00000000e5000000, 0x00000000e5100000|  0%| F|  |TAMS 0x00000000e5000000, 0x00000000e5000000| Untracked 
|  81|0x00000000e5100000, 0x00000000e5100000, 0x00000000e5200000|  0%| F|  |TAMS 0x00000000e5100000, 0x00000000e5100000| Untracked 
|  82|0x00000000e5200000, 0x00000000e5200000, 0x00000000e5300000|  0%| F|  |TAMS 0x00000000e5200000, 0x00000000e5200000| Untracked 
|  83|0x00000000e5300000, 0x00000000e5300000, 0x00000000e5400000|  0%| F|  |TAMS 0x00000000e5300000, 0x00000000e5300000| Untracked 
|  84|0x00000000e5400000, 0x00000000e5400000, 0x00000000e5500000|  0%| F|  |TAMS 0x00000000e5400000, 0x00000000e5400000| Untracked 
|  85|0x00000000e5500000, 0x00000000e5500000, 0x00000000e5600000|  0%| F|  |TAMS 0x00000000e5500000, 0x00000000e5500000| Untracked 
|  86|0x00000000e5600000, 0x00000000e5600000, 0x00000000e5700000|  0%| F|  |TAMS 0x00000000e5600000, 0x00000000e5600000| Untracked 
|  87|0x00000000e5700000, 0x00000000e5700000, 0x00000000e5800000|  0%| F|  |TAMS 0x00000000e5700000, 0x00000000e5700000| Untracked 
|  88|0x00000000e5800000, 0x00000000e5800000, 0x00000000e5900000|  0%| F|  |TAMS 0x00000000e5800000, 0x00000000e5800000| Untracked 
|  89|0x00000000e5900000, 0x00000000e5900000, 0x00000000e5a00000|  0%| F|  |TAMS 0x00000000e5900000, 0x00000000e5900000| Untracked 
|  90|0x00000000e5a00000, 0x00000000e5a00000, 0x00000000e5b00000|  0%| F|  |TAMS 0x00000000e5a00000, 0x00000000e5a00000| Untracked 
|  91|0x00000000e5b00000, 0x00000000e5b00000, 0x00000000e5c00000|  0%| F|  |TAMS 0x00000000e5b00000, 0x00000000e5b00000| Untracked 
|  92|0x00000000e5c00000, 0x00000000e5c00000, 0x00000000e5d00000|  0%| F|  |TAMS 0x00000000e5c00000, 0x00000000e5c00000| Untracked 
|  93|0x00000000e5d00000, 0x00000000e5d00000, 0x00000000e5e00000|  0%| F|  |TAMS 0x00000000e5d00000, 0x00000000e5d00000| Untracked 
|  94|0x00000000e5e00000, 0x00000000e5e00000, 0x00000000e5f00000|  0%| F|  |TAMS 0x00000000e5e00000, 0x00000000e5e00000| Untracked 
|  95|0x00000000e5f00000, 0x00000000e5f00000, 0x00000000e6000000|  0%| F|  |TAMS 0x00000000e5f00000, 0x00000000e5f00000| Untracked 
|  96|0x00000000e6000000, 0x00000000e6000000, 0x00000000e6100000|  0%| F|  |TAMS 0x00000000e6000000, 0x00000000e6000000| Untracked 
|  97|0x00000000e6100000, 0x00000000e6100000, 0x00000000e6200000|  0%| F|  |TAMS 0x00000000e6100000, 0x00000000e6100000| Untracked 
|  98|0x00000000e6200000, 0x00000000e6200000, 0x00000000e6300000|  0%| F|  |TAMS 0x00000000e6200000, 0x00000000e6200000| Untracked 
|  99|0x00000000e6300000, 0x00000000e6300000, 0x00000000e6400000|  0%| F|  |TAMS 0x00000000e6300000, 0x00000000e6300000| Untracked 
| 100|0x00000000e6400000, 0x00000000e6400000, 0x00000000e6500000|  0%| F|  |TAMS 0x00000000e6400000, 0x00000000e6400000| Untracked 
| 101|0x00000000e6500000, 0x00000000e6500000, 0x00000000e6600000|  0%| F|  |TAMS 0x00000000e6500000, 0x00000000e6500000| Untracked 
| 102|0x00000000e6600000, 0x00000000e6600000, 0x00000000e6700000|  0%| F|  |TAMS 0x00000000e6600000, 0x00000000e6600000| Untracked 
| 103|0x00000000e6700000, 0x00000000e6700000, 0x00000000e6800000|  0%| F|  |TAMS 0x00000000e6700000, 0x00000000e6700000| Untracked 
| 104|0x00000000e6800000, 0x00000000e6800000, 0x00000000e6900000|  0%| F|  |TAMS 0x00000000e6800000, 0x00000000e6800000| Untracked 
| 105|0x00000000e6900000, 0x00000000e6900000, 0x00000000e6a00000|  0%| F|  |TAMS 0x00000000e6900000, 0x00000000e6900000| Untracked 
| 106|0x00000000e6a00000, 0x00000000e6a00000, 0x00000000e6b00000|  0%| F|  |TAMS 0x00000000e6a00000, 0x00000000e6a00000| Untracked 
| 107|0x00000000e6b00000, 0x00000000e6b00000, 0x00000000e6c00000|  0%| F|  |TAMS 0x00000000e6b00000, 0x00000000e6b00000| Untracked 
| 108|0x00000000e6c00000, 0x00000000e6c00000, 0x00000000e6d00000|  0%| F|  |TAMS 0x00000000e6c00000, 0x00000000e6c00000| Untracked 
| 109|0x00000000e6d00000, 0x00000000e6d00000, 0x00000000e6e00000|  0%| F|  |TAMS 0x00000000e6d00000, 0x00000000e6d00000| Untracked 
| 110|0x00000000e6e00000, 0x00000000e6e00000, 0x00000000e6f00000|  0%| F|  |TAMS 0x00000000e6e00000, 0x00000000e6e00000| Untracked 
| 111|0x00000000e6f00000, 0x00000000e6f00000, 0x00000000e7000000|  0%| F|  |TAMS 0x00000000e6f00000, 0x00000000e6f00000| Untracked 
| 112|0x00000000e7000000, 0x00000000e7000000, 0x00000000e7100000|  0%| F|  |TAMS 0x00000000e7000000, 0x00000000e7000000| Untracked 
| 113|0x00000000e7100000, 0x00000000e7100000, 0x00000000e7200000|  0%| F|  |TAMS 0x00000000e7100000, 0x00000000e7100000| Untracked 
| 114|0x00000000e7200000, 0x00000000e7200000, 0x00000000e7300000|  0%| F|  |TAMS 0x00000000e7200000, 0x00000000e7200000| Untracked 
| 115|0x00000000e7300000, 0x00000000e7300000, 0x00000000e7400000|  0%| F|  |TAMS 0x00000000e7300000, 0x00000000e7300000| Untracked 
| 116|0x00000000e7400000, 0x00000000e7400000, 0x00000000e7500000|  0%| F|  |TAMS 0x00000000e7400000, 0x00000000e7400000| Untracked 
| 117|0x00000000e7500000, 0x00000000e7500000, 0x00000000e7600000|  0%| F|  |TAMS 0x00000000e7500000, 0x00000000e7500000| Untracked 
| 118|0x00000000e7600000, 0x00000000e7600000, 0x00000000e7700000|  0%| F|  |TAMS 0x00000000e7600000, 0x00000000e7600000| Untracked 
| 119|0x00000000e7700000, 0x00000000e7700000, 0x00000000e7800000|  0%| F|  |TAMS 0x00000000e7700000, 0x00000000e7700000| Untracked 
| 120|0x00000000e7800000, 0x00000000e7800000, 0x00000000e7900000|  0%| F|  |TAMS 0x00000000e7800000, 0x00000000e7800000| Untracked 
| 121|0x00000000e7900000, 0x00000000e7900000, 0x00000000e7a00000|  0%| F|  |TAMS 0x00000000e7900000, 0x00000000e7900000| Untracked 
| 122|0x00000000e7a00000, 0x00000000e7a00000, 0x00000000e7b00000|  0%| F|  |TAMS 0x00000000e7a00000, 0x00000000e7a00000| Untracked 
| 123|0x00000000e7b00000, 0x00000000e7b00000, 0x00000000e7c00000|  0%| F|  |TAMS 0x00000000e7b00000, 0x00000000e7b00000| Untracked 
| 124|0x00000000e7c00000, 0x00000000e7c00000, 0x00000000e7d00000|  0%| F|  |TAMS 0x00000000e7c00000, 0x00000000e7c00000| Untracked 
| 125|0x00000000e7d00000, 0x00000000e7d00000, 0x00000000e7e00000|  0%| F|  |TAMS 0x00000000e7d00000, 0x00000000e7d00000| Untracked 
| 126|0x00000000e7e00000, 0x00000000e7e00000, 0x00000000e7f00000|  0%| F|  |TAMS 0x00000000e7e00000, 0x00000000e7e00000| Untracked 
| 127|0x00000000e7f00000, 0x00000000e7f00000, 0x00000000e8000000|  0%| F|  |TAMS 0x00000000e7f00000, 0x00000000e7f00000| Untracked 
| 128|0x00000000e8000000, 0x00000000e8000000, 0x00000000e8100000|  0%| F|  |TAMS 0x00000000e8000000, 0x00000000e8000000| Untracked 
| 129|0x00000000e8100000, 0x00000000e8100000, 0x00000000e8200000|  0%| F|  |TAMS 0x00000000e8100000, 0x00000000e8100000| Untracked 
| 130|0x00000000e8200000, 0x00000000e8200000, 0x00000000e8300000|  0%| F|  |TAMS 0x00000000e8200000, 0x00000000e8200000| Untracked 
| 131|0x00000000e8300000, 0x00000000e8300000, 0x00000000e8400000|  0%| F|  |TAMS 0x00000000e8300000, 0x00000000e8300000| Untracked 
| 132|0x00000000e8400000, 0x00000000e8400000, 0x00000000e8500000|  0%| F|  |TAMS 0x00000000e8400000, 0x00000000e8400000| Untracked 
| 133|0x00000000e8500000, 0x00000000e8500000, 0x00000000e8600000|  0%| F|  |TAMS 0x00000000e8500000, 0x00000000e8500000| Untracked 
| 134|0x00000000e8600000, 0x00000000e8600000, 0x00000000e8700000|  0%| F|  |TAMS 0x00000000e8600000, 0x00000000e8600000| Untracked 
| 135|0x00000000e8700000, 0x00000000e8700000, 0x00000000e8800000|  0%| F|  |TAMS 0x00000000e8700000, 0x00000000e8700000| Untracked 
| 136|0x00000000e8800000, 0x00000000e8800000, 0x00000000e8900000|  0%| F|  |TAMS 0x00000000e8800000, 0x00000000e8800000| Untracked 
| 137|0x00000000e8900000, 0x00000000e8900000, 0x00000000e8a00000|  0%| F|  |TAMS 0x00000000e8900000, 0x00000000e8900000| Untracked 
| 138|0x00000000e8a00000, 0x00000000e8a00000, 0x00000000e8b00000|  0%| F|  |TAMS 0x00000000e8a00000, 0x00000000e8a00000| Untracked 
| 139|0x00000000e8b00000, 0x00000000e8b00000, 0x00000000e8c00000|  0%| F|  |TAMS 0x00000000e8b00000, 0x00000000e8b00000| Untracked 
| 140|0x00000000e8c00000, 0x00000000e8c00000, 0x00000000e8d00000|  0%| F|  |TAMS 0x00000000e8c00000, 0x00000000e8c00000| Untracked 
| 141|0x00000000e8d00000, 0x00000000e8d00000, 0x00000000e8e00000|  0%| F|  |TAMS 0x00000000e8d00000, 0x00000000e8d00000| Untracked 
| 142|0x00000000e8e00000, 0x00000000e8e00000, 0x00000000e8f00000|  0%| F|  |TAMS 0x00000000e8e00000, 0x00000000e8e00000| Untracked 
| 143|0x00000000e8f00000, 0x00000000e8f00000, 0x00000000e9000000|  0%| F|  |TAMS 0x00000000e8f00000, 0x00000000e8f00000| Untracked 
| 144|0x00000000e9000000, 0x00000000e9000000, 0x00000000e9100000|  0%| F|  |TAMS 0x00000000e9000000, 0x00000000e9000000| Untracked 
| 145|0x00000000e9100000, 0x00000000e9100000, 0x00000000e9200000|  0%| F|  |TAMS 0x00000000e9100000, 0x00000000e9100000| Untracked 
| 146|0x00000000e9200000, 0x00000000e9200000, 0x00000000e9300000|  0%| F|  |TAMS 0x00000000e9200000, 0x00000000e9200000| Untracked 
| 147|0x00000000e9300000, 0x00000000e9300000, 0x00000000e9400000|  0%| F|  |TAMS 0x00000000e9300000, 0x00000000e9300000| Untracked 
| 148|0x00000000e9400000, 0x00000000e9400000, 0x00000000e9500000|  0%| F|  |TAMS 0x00000000e9400000, 0x00000000e9400000| Untracked 
| 149|0x00000000e9500000, 0x00000000e9500000, 0x00000000e9600000|  0%| F|  |TAMS 0x00000000e9500000, 0x00000000e9500000| Untracked 
| 150|0x00000000e9600000, 0x00000000e9600000, 0x00000000e9700000|  0%| F|  |TAMS 0x00000000e9600000, 0x00000000e9600000| Untracked 
| 151|0x00000000e9700000, 0x00000000e9700000, 0x00000000e9800000|  0%| F|  |TAMS 0x00000000e9700000, 0x00000000e9700000| Untracked 
| 152|0x00000000e9800000, 0x00000000e9800000, 0x00000000e9900000|  0%| F|  |TAMS 0x00000000e9800000, 0x00000000e9800000| Untracked 
| 153|0x00000000e9900000, 0x00000000e9900000, 0x00000000e9a00000|  0%| F|  |TAMS 0x00000000e9900000, 0x00000000e9900000| Untracked 
| 154|0x00000000e9a00000, 0x00000000e9a00000, 0x00000000e9b00000|  0%| F|  |TAMS 0x00000000e9a00000, 0x00000000e9a00000| Untracked 
| 155|0x00000000e9b00000, 0x00000000e9b00000, 0x00000000e9c00000|  0%| F|  |TAMS 0x00000000e9b00000, 0x00000000e9b00000| Untracked 
| 156|0x00000000e9c00000, 0x00000000e9c00000, 0x00000000e9d00000|  0%| F|  |TAMS 0x00000000e9c00000, 0x00000000e9c00000| Untracked 
| 157|0x00000000e9d00000, 0x00000000e9d00000, 0x00000000e9e00000|  0%| F|  |TAMS 0x00000000e9d00000, 0x00000000e9d00000| Untracked 
| 158|0x00000000e9e00000, 0x00000000e9e00000, 0x00000000e9f00000|  0%| F|  |TAMS 0x00000000e9e00000, 0x00000000e9e00000| Untracked 
| 159|0x00000000e9f00000, 0x00000000e9fd1a38, 0x00000000ea000000| 81%| E|  |TAMS 0x00000000e9f00000, 0x00000000e9f00000| Complete 
| 160|0x00000000ea000000, 0x00000000ea100000, 0x00000000ea100000|100%| E|CS|TAMS 0x00000000ea000000, 0x00000000ea000000| Complete 
| 161|0x00000000ea100000, 0x00000000ea200000, 0x00000000ea200000|100%| E|CS|TAMS 0x00000000ea100000, 0x00000000ea100000| Complete 
| 162|0x00000000ea200000, 0x00000000ea300000, 0x00000000ea300000|100%| E|CS|TAMS 0x00000000ea200000, 0x00000000ea200000| Complete 
| 163|0x00000000ea300000, 0x00000000ea400000, 0x00000000ea400000|100%| E|CS|TAMS 0x00000000ea300000, 0x00000000ea300000| Complete 
| 164|0x00000000ea400000, 0x00000000ea500000, 0x00000000ea500000|100%| E|CS|TAMS 0x00000000ea400000, 0x00000000ea400000| Complete 
| 165|0x00000000ea500000, 0x00000000ea600000, 0x00000000ea600000|100%| E|CS|TAMS 0x00000000ea500000, 0x00000000ea500000| Complete 
| 166|0x00000000ea600000, 0x00000000ea700000, 0x00000000ea700000|100%| E|CS|TAMS 0x00000000ea600000, 0x00000000ea600000| Complete 
| 167|0x00000000ea700000, 0x00000000ea800000, 0x00000000ea800000|100%| E|CS|TAMS 0x00000000ea700000, 0x00000000ea700000| Complete 
| 168|0x00000000ea800000, 0x00000000ea900000, 0x00000000ea900000|100%| E|CS|TAMS 0x00000000ea800000, 0x00000000ea800000| Complete 
| 220|0x00000000edc00000, 0x00000000edd00000, 0x00000000edd00000|100%| E|CS|TAMS 0x00000000edc00000, 0x00000000edc00000| Complete 
| 221|0x00000000edd00000, 0x00000000ede00000, 0x00000000ede00000|100%| E|CS|TAMS 0x00000000edd00000, 0x00000000edd00000| Complete 
| 222|0x00000000ede00000, 0x00000000edf00000, 0x00000000edf00000|100%| E|CS|TAMS 0x00000000ede00000, 0x00000000ede00000| Complete 
| 223|0x00000000edf00000, 0x00000000edfca7d8, 0x00000000ee000000| 79%| S|CS|TAMS 0x00000000edf00000, 0x00000000edf00000| Complete 
| 224|0x00000000ee000000, 0x00000000ee100000, 0x00000000ee100000|100%| E|CS|TAMS 0x00000000ee000000, 0x00000000ee000000| Complete 
| 253|0x00000000efd00000, 0x00000000efe00000, 0x00000000efe00000|100%| E|CS|TAMS 0x00000000efd00000, 0x00000000efd00000| Complete 

Card table byte_map: [0x0000015ad8c00000,0x0000015ad8d00000] _byte_map_base: 0x0000015ad8500000

Marking Bits (Prev, Next): (CMBitMap*) 0x0000015ac1f86840, (CMBitMap*) 0x0000015ac1f86800
 Prev Bits: [0x0000015ad9600000, 0x0000015ad9e00000)
 Next Bits: [0x0000015ad8e00000, 0x0000015ad9600000)

Polling page: 0x0000015abfd80000

Metaspace:

Usage:
  Non-class:     58.49 MB used.
      Class:      9.03 MB used.
       Both:     67.52 MB used.

Virtual space:
  Non-class space:       64.00 MB reserved,      58.69 MB ( 92%) committed,  8 nodes.
      Class space:        1.00 GB reserved,       9.19 MB ( <1%) committed,  1 nodes.
             Both:        1.06 GB reserved,      67.88 MB (  6%) committed. 

Chunk freelists:
   Non-Class:  1.14 MB
       Class:  2.64 MB
        Both:  3.78 MB

MaxMetaspaceSize: unlimited
CompressedClassSpaceSize: 1.00 GB
Initial GC threshold: 21.00 MB
Current GC threshold: 112.94 MB
CDS: on
MetaspaceReclaimPolicy: balanced
 - commit_granule_bytes: 65536.
 - commit_granule_words: 8192.
 - virtual_space_node_default_size: 1048576.
 - enlarge_chunks_in_place: 1.
 - new_chunks_are_fully_committed: 0.
 - uncommit_free_chunks: 1.
 - use_allocation_guard: 0.
 - handle_deallocations: 1.


Internal statistics:

num_allocs_failed_limit: 6.
num_arena_births: 460.
num_arena_deaths: 0.
num_vsnodes_births: 9.
num_vsnodes_deaths: 0.
num_space_committed: 1086.
num_space_uncommitted: 0.
num_chunks_returned_to_freelist: 6.
num_chunks_taken_from_freelist: 2956.
num_chunk_merges: 6.
num_chunk_splits: 2187.
num_chunks_enlarged: 1805.
num_purges: 0.
num_inconsistent_stats: 0.

CodeHeap 'non-profiled nmethods': size=120000Kb used=5446Kb max_used=5446Kb free=114553Kb
 bounds [0x0000015ad12a0000, 0x0000015ad1800000, 0x0000015ad87d0000]
CodeHeap 'profiled nmethods': size=120000Kb used=13056Kb max_used=13056Kb free=106943Kb
 bounds [0x0000015ac97d0000, 0x0000015aca4a0000, 0x0000015ad0d00000]
CodeHeap 'non-nmethods': size=5760Kb used=1378Kb max_used=1479Kb free=4382Kb
 bounds [0x0000015ad0d00000, 0x0000015ad0f70000, 0x0000015ad12a0000]
 total_blobs=6438 nmethods=5799 adapters=551
 compilation: enabled
              stopped_count=0, restarted_count=0
 full_count=0

Compilation events (20 events):
Event: 15.364 Thread 0x0000015adc835840 6453       3       java.nio.MappedByteBuffer::rewind (5 bytes)
Event: 15.365 Thread 0x0000015adc835840 nmethod 6453 0x0000015aca428a10 code [0x0000015aca428bc0, 0x0000015aca428df8]
Event: 15.365 Thread 0x0000015adc835840 6441       2       java.util.ComparableTimSort::countRunAndMakeAscending (123 bytes)
Event: 15.365 Thread 0x0000015adc835840 nmethod 6441 0x0000015aca428f10 code [0x0000015aca429100, 0x0000015aca4295d8]
Event: 15.365 Thread 0x0000015adc835840 6442       2       java.util.ComparableTimSort::gallopRight (327 bytes)
Event: 15.366 Thread 0x0000015adc835840 nmethod 6442 0x0000015aca429890 code [0x0000015aca429a80, 0x0000015aca42a078]
Event: 15.366 Thread 0x0000015adc835840 6443       2       java.util.ComparableTimSort::gallopLeft (327 bytes)
Event: 15.367 Thread 0x0000015adc835840 nmethod 6443 0x0000015aca42a410 code [0x0000015aca42a600, 0x0000015aca42abd8]
Event: 15.367 Thread 0x0000015adc835840 6452       2       nonapi.io.github.classgraph.fileslice.reader.RandomAccessArrayReader::readUnsignedByte (19 bytes)
Event: 15.367 Thread 0x0000015adc835840 nmethod 6452 0x0000015aca42af90 code [0x0000015aca42b120, 0x0000015aca42b258]
Event: 15.367 Thread 0x0000015adc835840 6444       2       sun.nio.ch.FileChannelImpl::<init> (144 bytes)
Event: 15.368 Thread 0x0000015adc835840 nmethod 6444 0x0000015aca42b390 code [0x0000015aca42b580, 0x0000015aca42bd98]
Event: 15.368 Thread 0x0000015adc835840 6436       1       nonapi.io.github.classgraph.fastzipfilereader.NestedJarHandler$RecyclableInflater::getInflater (5 bytes)
Event: 15.368 Thread 0x0000015adc835840 nmethod 6436 0x0000015ad17c8d90 code [0x0000015ad17c8f20, 0x0000015ad17c8ff8]
Event: 15.368 Thread 0x0000015adc835840 6455       3       java.nio.HeapByteBuffer::put (12 bytes)
Event: 15.369 Thread 0x0000015adc835840 nmethod 6455 0x0000015aca42c010 code [0x0000015aca42c1e0, 0x0000015aca42c608]
Event: 15.369 Thread 0x0000015adc835840 6454   !   3       java.nio.ByteBuffer::putBuffer (142 bytes)
Event: 15.370 Thread 0x0000015adc835840 nmethod 6454 0x0000015aca42c790 code [0x0000015aca42ca40, 0x0000015aca42d8f8]
Event: 15.371 Thread 0x0000015adc835840 6456       3       sun.nio.ch.Util::getTemporaryDirectBuffer (55 bytes)
Event: 15.372 Thread 0x0000015adc835840 nmethod 6456 0x0000015aca42e090 code [0x0000015aca42e300, 0x0000015aca42ed48]

GC Heap History (20 events):
Event: 12.879 GC heap before
{Heap before GC invocations=20 (full 0):
 garbage-first heap   total 68608K, used 54810K [0x00000000e0000000, 0x0000000100000000)
  region size 1024K, 22 young (22528K), 3 survivors (3072K)
 Metaspace       used 61359K, committed 61696K, reserved 1105920K
  class space    used 8264K, committed 8448K, reserved 1048576K
}
Event: 12.884 GC heap after
{Heap after GC invocations=21 (full 0):
 garbage-first heap   total 68608K, used 36760K [0x00000000e0000000, 0x0000000100000000)
  region size 1024K, 3 young (3072K), 3 survivors (3072K)
 Metaspace       used 61359K, committed 61696K, reserved 1105920K
  class space    used 8264K, committed 8448K, reserved 1048576K
}
Event: 13.345 GC heap before
{Heap before GC invocations=21 (full 0):
 garbage-first heap   total 68608K, used 56216K [0x00000000e0000000, 0x0000000100000000)
  region size 1024K, 22 young (22528K), 3 survivors (3072K)
 Metaspace       used 64098K, committed 64512K, reserved 1105920K
  class space    used 8651K, committed 8832K, reserved 1048576K
}
Event: 13.350 GC heap after
{Heap after GC invocations=22 (full 0):
 garbage-first heap   total 68608K, used 37779K [0x00000000e0000000, 0x0000000100000000)
  region size 1024K, 3 young (3072K), 3 survivors (3072K)
 Metaspace       used 64098K, committed 64512K, reserved 1105920K
  class space    used 8651K, committed 8832K, reserved 1048576K
}
Event: 13.488 GC heap before
{Heap before GC invocations=23 (full 0):
 garbage-first heap   total 70656K, used 55187K [0x00000000e0000000, 0x0000000100000000)
  region size 1024K, 20 young (20480K), 3 survivors (3072K)
 Metaspace       used 64264K, committed 64704K, reserved 1105920K
  class space    used 8677K, committed 8896K, reserved 1048576K
}
Event: 13.492 GC heap after
{Heap after GC invocations=24 (full 0):
 garbage-first heap   total 70656K, used 38364K [0x00000000e0000000, 0x0000000100000000)
  region size 1024K, 2 young (2048K), 2 survivors (2048K)
 Metaspace       used 64264K, committed 64704K, reserved 1105920K
  class space    used 8677K, committed 8896K, reserved 1048576K
}
Event: 13.727 GC heap before
{Heap before GC invocations=24 (full 0):
 garbage-first heap   total 70656K, used 57820K [0x00000000e0000000, 0x0000000100000000)
  region size 1024K, 21 young (21504K), 2 survivors (2048K)
 Metaspace       used 64608K, committed 64960K, reserved 1105920K
  class space    used 8704K, committed 8896K, reserved 1048576K
}
Event: 13.730 GC heap after
{Heap after GC invocations=25 (full 0):
 garbage-first heap   total 70656K, used 38992K [0x00000000e0000000, 0x0000000100000000)
  region size 1024K, 3 young (3072K), 3 survivors (3072K)
 Metaspace       used 64608K, committed 64960K, reserved 1105920K
  class space    used 8704K, committed 8896K, reserved 1048576K
}
Event: 14.143 GC heap before
{Heap before GC invocations=26 (full 0):
 garbage-first heap   total 75776K, used 58448K [0x00000000e0000000, 0x0000000100000000)
  region size 1024K, 22 young (22528K), 3 survivors (3072K)
 Metaspace       used 66015K, committed 66432K, reserved 1114112K
  class space    used 8883K, committed 9088K, reserved 1048576K
}
Event: 14.147 GC heap after
{Heap after GC invocations=27 (full 0):
 garbage-first heap   total 75776K, used 40555K [0x00000000e0000000, 0x0000000100000000)
  region size 1024K, 3 young (3072K), 3 survivors (3072K)
 Metaspace       used 66015K, committed 66432K, reserved 1114112K
  class space    used 8883K, committed 9088K, reserved 1048576K
}
Event: 14.565 GC heap before
{Heap before GC invocations=27 (full 0):
 garbage-first heap   total 75776K, used 62059K [0x00000000e0000000, 0x0000000100000000)
  region size 1024K, 24 young (24576K), 3 survivors (3072K)
 Metaspace       used 67399K, committed 67776K, reserved 1114112K
  class space    used 9076K, committed 9280K, reserved 1048576K
}
Event: 14.570 GC heap after
{Heap after GC invocations=28 (full 0):
 garbage-first heap   total 75776K, used 42071K [0x00000000e0000000, 0x0000000100000000)
  region size 1024K, 3 young (3072K), 3 survivors (3072K)
 Metaspace       used 67399K, committed 67776K, reserved 1114112K
  class space    used 9076K, committed 9280K, reserved 1048576K
}
Event: 14.990 GC heap before
{Heap before GC invocations=29 (full 0):
 garbage-first heap   total 76800K, used 60503K [0x00000000e0000000, 0x0000000100000000)
  region size 1024K, 22 young (22528K), 3 survivors (3072K)
 Metaspace       used 68927K, committed 69248K, reserved 1114112K
  class space    used 9245K, committed 9408K, reserved 1048576K
}
Event: 14.998 GC heap after
{Heap after GC invocations=30 (full 0):
 garbage-first heap   total 76800K, used 44435K [0x00000000e0000000, 0x0000000100000000)
  region size 1024K, 3 young (3072K), 3 survivors (3072K)
 Metaspace       used 68927K, committed 69248K, reserved 1114112K
  class space    used 9245K, committed 9408K, reserved 1048576K
}
Event: 15.055 GC heap before
{Heap before GC invocations=30 (full 0):
 garbage-first heap   total 76800K, used 50579K [0x00000000e0000000, 0x0000000100000000)
  region size 1024K, 10 young (10240K), 3 survivors (3072K)
 Metaspace       used 68990K, committed 69376K, reserved 1114112K
  class space    used 9246K, committed 9408K, reserved 1048576K
}
Event: 15.059 GC heap after
{Heap after GC invocations=31 (full 0):
 garbage-first heap   total 76800K, used 45496K [0x00000000e0000000, 0x0000000100000000)
  region size 1024K, 2 young (2048K), 2 survivors (2048K)
 Metaspace       used 68990K, committed 69376K, reserved 1114112K
  class space    used 9246K, committed 9408K, reserved 1048576K
}
Event: 15.180 GC heap before
{Heap before GC invocations=32 (full 0):
 garbage-first heap   total 97280K, used 60856K [0x00000000e0000000, 0x0000000100000000)
  region size 1024K, 17 young (17408K), 2 survivors (2048K)
 Metaspace       used 69019K, committed 69376K, reserved 1114112K
  class space    used 9246K, committed 9408K, reserved 1048576K
}
Event: 15.184 GC heap after
{Heap after GC invocations=33 (full 0):
 garbage-first heap   total 97280K, used 48881K [0x00000000e0000000, 0x0000000100000000)
  region size 1024K, 3 young (3072K), 3 survivors (3072K)
 Metaspace       used 69019K, committed 69376K, reserved 1114112K
  class space    used 9246K, committed 9408K, reserved 1048576K
}
Event: 15.307 GC heap before
{Heap before GC invocations=33 (full 0):
 garbage-first heap   total 97280K, used 73457K [0x00000000e0000000, 0x0000000100000000)
  region size 1024K, 28 young (28672K), 3 survivors (3072K)
 Metaspace       used 69062K, committed 69440K, reserved 1114112K
  class space    used 9246K, committed 9408K, reserved 1048576K
}
Event: 15.312 GC heap after
{Heap after GC invocations=34 (full 0):
 garbage-first heap   total 97280K, used 55612K [0x00000000e0000000, 0x0000000100000000)
  region size 1024K, 4 young (4096K), 4 survivors (4096K)
 Metaspace       used 69062K, committed 69440K, reserved 1114112K
  class space    used 9246K, committed 9408K, reserved 1048576K
}

Deoptimization events (20 events):
Event: 15.050 Thread 0x0000015adef560a0 DEOPT PACKING pc=0x0000015aca38be14 sp=0x00000006ebefea70
Event: 15.050 Thread 0x0000015adef560a0 DEOPT UNPACKING pc=0x0000015ad0d52b43 sp=0x00000006ebefdf28 mode 1
Event: 15.050 Thread 0x0000015adef560a0 DEOPT PACKING pc=0x0000015aca38be14 sp=0x00000006ebefea70
Event: 15.050 Thread 0x0000015adef560a0 DEOPT UNPACKING pc=0x0000015ad0d52b43 sp=0x00000006ebefdf28 mode 1
Event: 15.061 Thread 0x0000015adef560a0 DEOPT PACKING pc=0x0000015aca38be14 sp=0x00000006ebefea70
Event: 15.061 Thread 0x0000015adef560a0 DEOPT UNPACKING pc=0x0000015ad0d52b43 sp=0x00000006ebefdf28 mode 1
Event: 15.076 Thread 0x0000015adef560a0 DEOPT PACKING pc=0x0000015aca38be14 sp=0x00000006ebefea70
Event: 15.076 Thread 0x0000015adef560a0 DEOPT UNPACKING pc=0x0000015ad0d52b43 sp=0x00000006ebefdf28 mode 1
Event: 15.076 Thread 0x0000015adef560a0 DEOPT PACKING pc=0x0000015aca38be14 sp=0x00000006ebefea70
Event: 15.076 Thread 0x0000015adef560a0 DEOPT UNPACKING pc=0x0000015ad0d52b43 sp=0x00000006ebefdf28 mode 1
Event: 15.091 Thread 0x0000015ae141e970 DEOPT PACKING pc=0x0000015ac9ea9cd4 sp=0x00000006ec3fe410
Event: 15.091 Thread 0x0000015ae141e970 DEOPT UNPACKING pc=0x0000015ad0d52b43 sp=0x00000006ec3fd918 mode 0
Event: 15.200 Thread 0x0000015ae141c7c0 DEOPT PACKING pc=0x0000015aca273af8 sp=0x00000006ecafe480
Event: 15.200 Thread 0x0000015ae141c7c0 DEOPT UNPACKING pc=0x0000015ad0d52b43 sp=0x00000006ecafd9b0 mode 0
Event: 15.226 Thread 0x0000015ae141c7c0 DEOPT PACKING pc=0x0000015ac9ea9cd4 sp=0x00000006ecafe600
Event: 15.226 Thread 0x0000015ae141c7c0 DEOPT UNPACKING pc=0x0000015ad0d52b43 sp=0x00000006ecafdb08 mode 0
Event: 15.227 Thread 0x0000015ae141f7e0 DEOPT PACKING pc=0x0000015ac9ea9cd4 sp=0x00000006eccfe660
Event: 15.227 Thread 0x0000015ae141f7e0 DEOPT UNPACKING pc=0x0000015ad0d52b43 sp=0x00000006eccfdb68 mode 0
Event: 15.356 Thread 0x0000015ae141be20 DEOPT PACKING pc=0x0000015ac9ea9cd4 sp=0x00000006ec9fe390
Event: 15.356 Thread 0x0000015ae141be20 DEOPT UNPACKING pc=0x0000015ad0d52b43 sp=0x00000006ec9fd898 mode 0

Classes unloaded (0 events):
No events

Classes redefined (0 events):
No events

Internal exceptions (20 events):
Event: 15.047 Thread 0x0000015adef560a0 Exception <a 'sun/nio/fs/WindowsException'{0x00000000ede579e8}> (0x00000000ede579e8) 
thrown [s\open\src\hotspot\share\prims\jni.cpp, line 516]
Event: 15.047 Thread 0x0000015adef560a0 Exception <a 'sun/nio/fs/WindowsException'{0x00000000ede57d18}> (0x00000000ede57d18) 
thrown [s\open\src\hotspot\share\prims\jni.cpp, line 516]
Event: 15.047 Thread 0x0000015adef560a0 Exception <a 'sun/nio/fs/WindowsException'{0x00000000ede586c0}> (0x00000000ede586c0) 
thrown [s\open\src\hotspot\share\prims\jni.cpp, line 516]
Event: 15.047 Thread 0x0000015adef560a0 Exception <a 'sun/nio/fs/WindowsException'{0x00000000ede58a20}> (0x00000000ede58a20) 
thrown [s\open\src\hotspot\share\prims\jni.cpp, line 516]
Event: 15.047 Thread 0x0000015adef560a0 Exception <a 'sun/nio/fs/WindowsException'{0x00000000ede593a0}> (0x00000000ede593a0) 
thrown [s\open\src\hotspot\share\prims\jni.cpp, line 516]
Event: 15.047 Thread 0x0000015adef560a0 Exception <a 'sun/nio/fs/WindowsException'{0x00000000ede596d0}> (0x00000000ede596d0) 
thrown [s\open\src\hotspot\share\prims\jni.cpp, line 516]
Event: 15.047 Thread 0x0000015adef560a0 Exception <a 'sun/nio/fs/WindowsException'{0x00000000ede5a028}> (0x00000000ede5a028) 
thrown [s\open\src\hotspot\share\prims\jni.cpp, line 516]
Event: 15.048 Thread 0x0000015adef560a0 Exception <a 'sun/nio/fs/WindowsException'{0x00000000ede5a328}> (0x00000000ede5a328) 
thrown [s\open\src\hotspot\share\prims\jni.cpp, line 516]
Event: 15.049 Thread 0x0000015adef560a0 Exception <a 'sun/nio/fs/WindowsException'{0x00000000ede5ac90}> (0x00000000ede5ac90) 
thrown [s\open\src\hotspot\share\prims\jni.cpp, line 516]
Event: 15.050 Thread 0x0000015adef560a0 Exception <a 'sun/nio/fs/WindowsException'{0x00000000ede5afb0}> (0x00000000ede5afb0) 
thrown [s\open\src\hotspot\share\prims\jni.cpp, line 516]
Event: 15.050 Thread 0x0000015adef560a0 Exception <a 'sun/nio/fs/WindowsException'{0x00000000ede5b908}> (0x00000000ede5b908) 
thrown [s\open\src\hotspot\share\prims\jni.cpp, line 516]
Event: 15.050 Thread 0x0000015adef560a0 Exception <a 'sun/nio/fs/WindowsException'{0x00000000ede5bc08}> (0x00000000ede5bc08) 
thrown [s\open\src\hotspot\share\prims\jni.cpp, line 516]
Event: 15.050 Thread 0x0000015adef560a0 Exception <a 'sun/nio/fs/WindowsException'{0x00000000ede5c570}> (0x00000000ede5c570) 
thrown [s\open\src\hotspot\share\prims\jni.cpp, line 516]
Event: 15.050 Thread 0x0000015adef560a0 Exception <a 'sun/nio/fs/WindowsException'{0x00000000ede5c890}> (0x00000000ede5c890) 
thrown [s\open\src\hotspot\share\prims\jni.cpp, line 516]
Event: 15.051 Thread 0x0000015adef560a0 Exception <a 'sun/nio/fs/WindowsException'{0x00000000ede5d210}> (0x00000000ede5d210) 
thrown [s\open\src\hotspot\share\prims\jni.cpp, line 516]
Event: 15.051 Thread 0x0000015adef560a0 Exception <a 'sun/nio/fs/WindowsException'{0x00000000ede5d540}> (0x00000000ede5d540) 
thrown [s\open\src\hotspot\share\prims\jni.cpp, line 516]
Event: 15.075 Thread 0x0000015adef560a0 Exception <a 'sun/nio/fs/WindowsException'{0x00000000edfd52c0}> (0x00000000edfd52c0) 
thrown [s\open\src\hotspot\share\prims\jni.cpp, line 516]
Event: 15.075 Thread 0x0000015adef560a0 Exception <a 'sun/nio/fs/WindowsException'{0x00000000edfd5610}> (0x00000000edfd5610) 
thrown [s\open\src\hotspot\share\prims\jni.cpp, line 516]
Event: 15.076 Thread 0x0000015adef560a0 Exception <a 'sun/nio/fs/WindowsException'{0x00000000edfd5fa0}> (0x00000000edfd5fa0) 
thrown [s\open\src\hotspot\share\prims\jni.cpp, line 516]
Event: 15.076 Thread 0x0000015adef560a0 Exception <a 'sun/nio/fs/WindowsException'{0x00000000edfd62f0}> (0x00000000edfd62f0) 
thrown [s\open\src\hotspot\share\prims\jni.cpp, line 516]

VM Operations (20 events):
Event: 14.651 Executing VM operation: G1Concurrent
Event: 14.651 Executing VM operation: G1Concurrent done
Event: 14.692 Executing VM operation: HandshakeAllThreads
Event: 14.692 Executing VM operation: HandshakeAllThreads done
Event: 14.693 Executing VM operation: HandshakeAllThreads
Event: 14.693 Executing VM operation: HandshakeAllThreads done
Event: 14.813 Executing VM operation: HandshakeAllThreads
Event: 14.813 Executing VM operation: HandshakeAllThreads done
Event: 14.990 Executing VM operation: G1CollectForAllocation
Event: 14.999 Executing VM operation: G1CollectForAllocation done
Event: 15.055 Executing VM operation: G1TryInitiateConcMark
Event: 15.061 Executing VM operation: G1TryInitiateConcMark done
Event: 15.130 Executing VM operation: G1Concurrent
Event: 15.141 Executing VM operation: G1Concurrent done
Event: 15.170 Executing VM operation: G1Concurrent
Event: 15.171 Executing VM operation: G1Concurrent done
Event: 15.180 Executing VM operation: G1CollectForAllocation
Event: 15.188 Executing VM operation: G1CollectForAllocation done
Event: 15.307 Executing VM operation: G1CollectForAllocation
Event: 15.318 Executing VM operation: G1CollectForAllocation done

Events (20 events):
Event: 14.952 Thread 0x0000015ae1420ff0 Thread added: 0x0000015ae1420ff0
Event: 14.952 Thread 0x0000015ae141ee40 Thread added: 0x0000015ae141ee40
Event: 14.952 Thread 0x0000015ae141d160 Thread added: 0x0000015ae141d160
Event: 14.952 Thread 0x0000015ae141c2f0 Thread added: 0x0000015ae141c2f0
Event: 14.952 Thread 0x0000015ae141be20 Thread added: 0x0000015ae141be20
Event: 14.952 loading class sun/nio/fs/WindowsLinkSupport
Event: 14.952 Thread 0x0000015ae141c7c0 Thread added: 0x0000015ae141c7c0
Event: 14.952 Thread 0x0000015ae141f310 Thread added: 0x0000015ae141f310
Event: 14.953 loading class sun/nio/fs/WindowsLinkSupport done
Event: 14.953 Thread 0x0000015ae141f7e0 Thread added: 0x0000015ae141f7e0
Event: 14.953 Thread 0x0000015ae141d630 Thread added: 0x0000015ae141d630
Event: 14.953 Thread 0x0000015ae141db00 Thread added: 0x0000015ae141db00
Event: 14.955 loading class java/nio/file/AccessMode
Event: 14.955 loading class java/nio/file/AccessMode done
Event: 14.955 loading class sun/nio/fs/WindowsFileSystemProvider$1
Event: 14.955 loading class sun/nio/fs/WindowsFileSystemProvider$1 done
Event: 14.982 loading class java/nio/ReadOnlyBufferException
Event: 14.982 loading class java/nio/ReadOnlyBufferException done
Event: 14.985 loading class java/util/zip/DataFormatException
Event: 14.985 loading class java/util/zip/DataFormatException done


Dynamic libraries:
0x00007ff797310000 - 0x00007ff797320000 	C:\Program Files\Java\jdk-17\bin\java.exe
0x00007ffe53190000 - 0x00007ffe53388000 	C:\WINDOWS\SYSTEM32\ntdll.dll
0x00007ffe53090000 - 0x00007ffe5314f000 	C:\WINDOWS\System32\KERNEL32.DLL
0x00007ffe50d50000 - 0x00007ffe51046000 	C:\WINDOWS\System32\KERNELBASE.dll
0x00007ffe50ac0000 - 0x00007ffe50bc0000 	C:\WINDOWS\System32\ucrtbase.dll
0x00007ffe4b140000 - 0x00007ffe4b15b000 	C:\Program Files\Java\jdk-17\bin\VCRUNTIME140.dll
0x00007ffe4b160000 - 0x00007ffe4b179000 	C:\Program Files\Java\jdk-17\bin\jli.dll
0x00007ffe528b0000 - 0x00007ffe5295f000 	C:\WINDOWS\System32\ADVAPI32.dll
0x00007ffe52ff0000 - 0x00007ffe5308e000 	C:\WINDOWS\System32\msvcrt.dll
0x00007ffe51ff0000 - 0x00007ffe5208c000 	C:\WINDOWS\System32\sechost.dll
0x00007ffe52cc0000 - 0x00007ffe52de6000 	C:\WINDOWS\System32\RPCRT4.dll
0x00007ffe51900000 - 0x00007ffe51a9d000 	C:\WINDOWS\System32\USER32.dll
0x00007ffe50870000 - 0x00007ffe50892000 	C:\WINDOWS\System32\win32u.dll
0x00007ffe35b90000 - 0x00007ffe35e2a000 	C:\WINDOWS\WinSxS\amd64_microsoft.windows.common-controls_6595b64144ccf1df_6.0.19041.1110_none_60b5254171f9507e\COMCTL32.dll
0x00007ffe52e00000 - 0x00007ffe52e2c000 	C:\WINDOWS\System32\GDI32.dll
0x00007ffe50910000 - 0x00007ffe50a25000 	C:\WINDOWS\System32\gdi32full.dll
0x00007ffe51050000 - 0x00007ffe510ed000 	C:\WINDOWS\System32\msvcp_win.dll
0x00007ffe486a0000 - 0x00007ffe486aa000 	C:\WINDOWS\SYSTEM32\VERSION.dll
0x00007ffe52fc0000 - 0x00007ffe52ff0000 	C:\WINDOWS\System32\IMM32.DLL
0x00007ffe481a0000 - 0x00007ffe481ac000 	C:\Program Files\Java\jdk-17\bin\vcruntime140_1.dll
0x00007ffe286f0000 - 0x00007ffe2877e000 	C:\Program Files\Java\jdk-17\bin\msvcp140.dll
0x00007ffdf0500000 - 0x00007ffdf10dd000 	C:\Program Files\Java\jdk-17\bin\server\jvm.dll
0x00007ffe51730000 - 0x00007ffe51738000 	C:\WINDOWS\System32\PSAPI.DLL
0x00007ffe3e950000 - 0x00007ffe3e977000 	C:\WINDOWS\SYSTEM32\WINMM.dll
0x00007ffe3dec0000 - 0x00007ffe3dec9000 	C:\WINDOWS\SYSTEM32\WSOCK32.dll
0x00007ffe51870000 - 0x00007ffe518db000 	C:\WINDOWS\System32\WS2_32.dll
0x00007ffe4f110000 - 0x00007ffe4f122000 	C:\WINDOWS\SYSTEM32\kernel.appcore.dll
0x00007ffe480c0000 - 0x00007ffe480ca000 	C:\Program Files\Java\jdk-17\bin\jimage.dll
0x00007ffe4e620000 - 0x00007ffe4e804000 	C:\WINDOWS\SYSTEM32\DBGHELP.DLL
0x00007ffe476f0000 - 0x00007ffe47724000 	C:\WINDOWS\SYSTEM32\dbgcore.DLL
0x00007ffe50a30000 - 0x00007ffe50ab2000 	C:\WINDOWS\System32\bcryptPrimitives.dll
0x00007ffe3e220000 - 0x00007ffe3e25b000 	C:\Program Files\Java\jdk-17\bin\jdwp.dll
0x00007ffe32f60000 - 0x00007ffe32f85000 	C:\Program Files\Java\jdk-17\bin\java.dll
0x00007ffe22fc0000 - 0x00007ffe23097000 	C:\Program Files\Java\jdk-17\bin\jsvml.dll
0x00007ffe52090000 - 0x00007ffe527d4000 	C:\WINDOWS\System32\SHELL32.dll
0x00007ffe4e830000 - 0x00007ffe4efc3000 	C:\WINDOWS\SYSTEM32\windows.storage.dll
0x00007ffe52960000 - 0x00007ffe52cb4000 	C:\WINDOWS\System32\combase.dll
0x00007ffe50260000 - 0x00007ffe5028e000 	C:\WINDOWS\SYSTEM32\Wldp.dll
0x00007ffe52e90000 - 0x00007ffe52f3d000 	C:\WINDOWS\System32\SHCORE.dll
0x00007ffe527e0000 - 0x00007ffe52835000 	C:\WINDOWS\System32\shlwapi.dll
0x00007ffe507b0000 - 0x00007ffe507cf000 	C:\WINDOWS\SYSTEM32\profapi.dll
0x00007ffe481b0000 - 0x00007ffe481bc000 	C:\Program Files\Java\jdk-17\bin\dt_socket.dll
0x00007ffe4fc40000 - 0x00007ffe4fc7c000 	C:\WINDOWS\SYSTEM32\IPHLPAPI.DLL
0x00007ffe4ff50000 - 0x00007ffe4ffba000 	C:\WINDOWS\system32\mswsock.dll
0x00007ffe46060000 - 0x00007ffe46079000 	C:\Program Files\Java\jdk-17\bin\net.dll
0x00007ffe49d60000 - 0x00007ffe49e6a000 	C:\WINDOWS\SYSTEM32\WINHTTP.dll
0x00007ffe335c0000 - 0x00007ffe335d6000 	C:\Program Files\Java\jdk-17\bin\nio.dll
0x00007ffe334e0000 - 0x00007ffe334f8000 	C:\Program Files\Java\jdk-17\bin\zip.dll
0x00007ffe3dff0000 - 0x00007ffe3e000000 	C:\Program Files\Java\jdk-17\bin\verify.dll
0x00007ffe471e0000 - 0x00007ffe471ed000 	C:\Program Files\Java\jdk-17\bin\sunmscapi.dll
0x00007ffe50bf0000 - 0x00007ffe50d4e000 	C:\WINDOWS\System32\CRYPT32.dll
0x00007ffe502d0000 - 0x00007ffe502f8000 	C:\WINDOWS\SYSTEM32\ncrypt.dll
0x00007ffe50290000 - 0x00007ffe502cb000 	C:\WINDOWS\SYSTEM32\NTASN1.dll
0x00007ffe21f10000 - 0x00007ffe21f17000 	C:\WINDOWS\system32\wshunix.dll
0x00007ffe50140000 - 0x00007ffe50158000 	C:\WINDOWS\SYSTEM32\CRYPTSP.dll
0x00007ffe4f870000 - 0x00007ffe4f8a4000 	C:\WINDOWS\system32\rsaenh.dll
0x00007ffe50bc0000 - 0x00007ffe50be7000 	C:\WINDOWS\System32\bcrypt.dll
0x00007ffe50730000 - 0x00007ffe5075e000 	C:\WINDOWS\SYSTEM32\USERENV.dll
0x00007ffe50160000 - 0x00007ffe5016c000 	C:\WINDOWS\SYSTEM32\CRYPTBASE.dll
0x00007ffe52df0000 - 0x00007ffe52df8000 	C:\WINDOWS\System32\NSI.dll
0x00007ffe47210000 - 0x00007ffe47227000 	C:\WINDOWS\SYSTEM32\dhcpcsvc6.DLL
0x00007ffe474a0000 - 0x00007ffe474bd000 	C:\WINDOWS\SYSTEM32\dhcpcsvc.DLL
0x00007ffe4fc80000 - 0x00007ffe4fd4b000 	C:\WINDOWS\SYSTEM32\DNSAPI.dll
0x00007ffe46f80000 - 0x00007ffe46f8a000 	C:\Windows\System32\rasadhlp.dll
0x00007ffe44a90000 - 0x00007ffe44b12000 	C:\WINDOWS\System32\fwpuclnt.dll
0x00007ffe495e0000 - 0x00007ffe495ea000 	C:\Program Files\Java\jdk-17\bin\management.dll
0x00007ffe471f0000 - 0x00007ffe471fb000 	C:\Program Files\Java\jdk-17\bin\management_ext.dll
0x00007ffe31160000 - 0x00007ffe31177000 	C:\WINDOWS\system32\napinsp.dll
0x00007ffe31140000 - 0x00007ffe3115b000 	C:\WINDOWS\system32\pnrpnsp.dll
0x00007ffe4b0b0000 - 0x00007ffe4b0c5000 	C:\WINDOWS\system32\wshbth.dll
0x00007ffe49830000 - 0x00007ffe4984d000 	C:\WINDOWS\system32\NLAapi.dll
0x00007ffe31100000 - 0x00007ffe31112000 	C:\WINDOWS\System32\winrnr.dll

dbghelp: loaded successfully - version: 4.0.5 - missing functions: none
symbol engine: initialized successfully - sym options: 0x614 - pdb path: .;C:\Program Files\Java\jdk-17\bin;C:\WINDOWS\SYSTEM32;C:\WINDOWS\WinSxS\amd64_microsoft.windows.common-controls_6595b64144ccf1df_6.0.19041.1110_none_60b5254171f9507e;C:\Program Files\Java\jdk-17\bin\server

VM Arguments:
jvm_args: -Dorg.gradle.internal.worker.tmpdir=C:\Users\SonMinGyu\KagongSillok\kagong-sillok-server\build\tmp\test\work -Dorg.gradle.native=false -agentlib:jdwp=transport=dt_socket,server=n,suspend=y,address=127.0.0.1:53965 -Xmx512m -Dfile.encoding=x-windows-949 -Duser.country=KR -Duser.language=ko -Duser.variant -ea 
java_command: worker.org.gradle.process.internal.worker.GradleWorkerMain 'Gradle Test Executor 1'
java_class_path (initial): C:\\Users\\SonMinGyu\\.gradle\\caches\\7.6.1\\workerMain\\gradle-worker.jar;C:\\Users\\SonMinGyu\\KagongSillok\\kagong-sillok-server\\build\\classes\\java\\test;C:\\Users\\SonMinGyu\\KagongSillok\\kagong-sillok-server\\build\\resources\\test;C:\\Users\\SonMinGyu\\KagongSillok\\kagong-sillok-server\\build\\classes\\java\\main;C:\\Users\\SonMinGyu\\KagongSillok\\kagong-sillok-server\\build\\resources\\main;C:\\Users\\SonMinGyu\\.gradle\\caches\\modules-2\\files-2.1\\org.springframework.boot\\spring-boot-starter-data-jpa\\2.7.12\\17fdcc9bc155a6e6459190078c3a37c7fce0ced8\\spring-boot-starter-data-jpa-2.7.12.jar;C:\\Users\\SonMinGyu\\.gradle\\caches\\modules-2\\files-2.1\\org.springframework.boot\\spring-boot-starter-data-redis\\2.7.12\\b205c9b039385c682f7ff153de159954d7c3669\\spring-boot-starter-data-redis-2.7.12.jar;C:\\Users\\SonMinGyu\\.gradle\\caches\\modules-2\\files-2.1\\org.springframework.boot\\spring-boot-starter-web\\2.7.12\\aba3f96331e2cfa316d8ec7446804721120a0552\\spring-boot-starter-web-2.7.12.jar;C:\\Users\\SonMinGyu\\.gradle\\caches\\modules-2\\files-2.1\\org.springframework.cloud\\spring-cloud-starter-openfeign\\3.1.7\\5ad12a7508047451ff63aae5ec1b44b9fb3d0088\\spring-cloud-starter-openfeign-3.1.7.jar;C:\\Users\\SonMinGyu\\.gradle\\caches\\modules-2\\files-2.1\\org.springframework.kafka\\spring-kafka\\2.8.11\\7068d24ea230111777ce60232fa39d4e570d4709\\spring-kafka-2.8.11.jar;C:\\Users\\SonMinGyu\\.gradle\\caches\\modules-2\\files-2.1\\org.springdoc\\springdoc-openapi-ui\\1.6.15\\be2b096e2f5486e562e99cb7b78af4691d10655c\\springdoc-openapi-ui-1.6.15.jar;C:\\Users\\SonMinGyu\\.gradle\\caches\\modules-2\\files-2.1\\com.querydsl\\querydsl-jpa\\5.0.0\\2d66608cb2cbcde56290e49f2918960cc17fcb09\\querydsl-jpa-5.0.0.jar;C:\\Users\\SonMinGyu\\.gradle\\caches\\modules-2\\files-2.1\\com.h2database\\h2\\2.1.214\\d5c2005c9e3279201e12d4776c948578b16bf8b2\\h2-2.1.214.jar;C:\\Users\\SonMinGyu\\.gradle\\caches\\modules-2\\files-2.1\\com.mysql\\mys
Launcher Type: SUN_STANDARD

[Global flags]
     intx CICompilerCount                          = 4                                         {product} {ergonomic}
     uint ConcGCThreads                            = 2                                         {product} {ergonomic}
     uint G1ConcRefinementThreads                  = 8                                         {product} {ergonomic}
   size_t G1HeapRegionSize                         = 1048576                                   {product} {ergonomic}
    uintx GCDrainStackTargetSize                   = 64                                        {product} {ergonomic}
   size_t InitialHeapSize                          = 266338304                                 {product} {ergonomic}
   size_t MarkStackSize                            = 4194304                                   {product} {ergonomic}
   size_t MaxHeapSize                              = 536870912                                 {product} {command line}
   size_t MaxNewSize                               = 321912832                                 {product} {ergonomic}
   size_t MinHeapDeltaBytes                        = 1048576                                   {product} {ergonomic}
   size_t MinHeapSize                              = 8388608                                   {product} {ergonomic}
    uintx NonNMethodCodeHeapSize                   = 5839372                                {pd product} {ergonomic}
    uintx NonProfiledCodeHeapSize                  = 122909434                              {pd product} {ergonomic}
    uintx ProfiledCodeHeapSize                     = 122909434                              {pd product} {ergonomic}
    uintx ReservedCodeCacheSize                    = 251658240                              {pd product} {ergonomic}
     bool SegmentedCodeCache                       = true                                      {product} {ergonomic}
   size_t SoftMaxHeapSize                          = 536870912                              {manageable} {ergonomic}
     bool UseCompressedClassPointers               = true                           {product lp64_product} {ergonomic}
     bool UseCompressedOops                        = true                           {product lp64_product} {ergonomic}
     bool UseG1GC                                  = true                                      {product} {ergonomic}
     bool UseLargePagesIndividualAllocation        = false                                  {pd product} {ergonomic}

Logging:
Log output configuration:
 #0: stdout all=warning uptime,level,tags
 #1: stderr all=off uptime,level,tags

Environment Variables:
JAVA_HOME=C:\Program Files\Java\jdk-11.0.17
CLASSPATH=%JAVA_HOME%\lib;.
PATH=C:\Program Files\Common Files\Oracle\Java\javapath;C:\Program Files (x86)\Intel\iCLS Client\;C:\Program Files\Intel\iCLS Client\;C:\WINDOWS\system32;C:\WINDOWS;C:\WINDOWS\System32\Wbem;C:\WINDOWS\System32\WindowsPowerShell\v1.0\;C:\Program Files (x86)\Intel\Intel(R) Management Engine Components\DAL;C:\Program Files\Intel\Intel(R) Management Engine Components\DAL;C:\Program Files (x86)\Intel\Intel(R) Management Engine Components\IPT;C:\Program Files\Intel\Intel(R) Management Engine Components\IPT;C:\Program Files\Intel\WiFi\bin\;C:\Program Files\Common Files\Intel\WirelessCommon\;C:\WINDOWS\System32\OpenSSH\;C:\Program Files\Git\cmd;C:\Program Files\MySQL\MySQL Shell 8.0\bin\;C:\Users\SonMinGyu\AppData\Local\Microsoft\WindowsApps;;C:\Program Files\JetBrains\IntelliJ IDEA 2022.3.1\bin;;C:\Users\SonMinGyu\AppData\Local\Programs\Microsoft VS Code\bin;C:\Program Files\JetBrains\PyCharm 2022.3.1\bin;;C:\Program Files\JetBrains\DataGrip 2022.3.3\bin;
USERNAME=SonMinGyu
OS=Windows_NT
PROCESSOR_IDENTIFIER=Intel64 Family 6 Model 142 Stepping 10, GenuineIntel



---------------  S Y S T E M  ---------------

OS:
 Windows 10 , 64 bit Build 19041 (10.0.19041.2913)
OS uptime: 0 days 7:25 hours

CPU: total 8 (initial active 8) (4 cores per cpu, 2 threads per core) family 6 model 142 stepping 10 microcode 0xb4, cx8, cmov, fxsr, ht, mmx, 3dnowpref, sse, sse2, sse3, ssse3, sse4.1, sse4.2, popcnt, lzcnt, tsc, tscinvbit, avx, avx2, aes, erms, clmul, bmi1, bmi2, adx, fma, vzeroupper, clflush, clflushopt

Memory: 4k page, system-wide physical 16217M (6363M free)
TotalPageFile size 33625M (AvailPageFile size 21140M)
current process WorkingSet (physical memory assigned to process): 366M, peak: 376M
current process commit charge ("private bytes"): 472M, peak: 484M

vm_info: Java HotSpot(TM) 64-Bit Server VM (17.0.7+8-LTS-224) for windows-amd64 JRE (17.0.7+8-LTS-224), built on Feb 28 2023 23:03:02 by "mach5one" with MS VC++ 17.1 (VS2022)

END.
